<?xml version="1.0" encoding="UTF-8"?>
<!-- Generated by org.testng.reporters.JUnitReportReporter -->
<testsuite hostname="DESKTOP-0Q2F0AL" failures="0" tests="2" name="Test_Cases.Login_Test" time="24.509" errors="0" timestamp="2023-05-29T14:23:52 IST" skipped="0">
  <testcase classname="Test_Cases.Login_Test" name="Login_Flow" time="15.954"/>
  <system-out/>
  <testcase classname="Test_Cases.Login_Test" name="Login_Validation" time="8.555"/>
  <system-out/>
</testsuite> <!-- Test_Cases.Login_Test -->
