<?xml version="1.0" encoding="UTF-8"?>
<!-- Generated by org.testng.reporters.JUnitReportReporter -->
<testsuite hostname="DESKTOP-0Q2F0AL" failures="0" tests="1" name="Test_Cases.Logout_Test" time="14.875" errors="0" timestamp="2023-05-29T14:23:52 IST" skipped="0">
  <testcase classname="Test_Cases.Logout_Test" name="Logout_Validation" time="14.875"/>
  <system-out/>
</testsuite> <!-- Test_Cases.Logout_Test -->
