<?xml version="1.0" encoding="UTF-8"?>
<!-- Generated by org.testng.reporters.JUnitReportReporter -->
<testsuite hostname="DESKTOP-0Q2F0AL" failures="0" tests="2" name="Test_Cases.Login_Test" time="22.272" errors="0" timestamp="2023-05-28T23:06:42 IST" skipped="0">
  <testcase classname="Test_Cases.Login_Test" name="Login_Flow" time="16.070"/>
  <system-out/>
  <testcase classname="Test_Cases.Login_Test" name="Login_Validation" time="6.202"/>
  <system-out/>
</testsuite> <!-- Test_Cases.Login_Test -->
