<?xml version="1.0" encoding="UTF-8"?>
<!-- Generated by org.testng.reporters.JUnitReportReporter -->
<testsuite hostname="DESKTOP-0Q2F0AL" failures="0" tests="1" name="Test_Cases.Logout_Test" time="13.627" errors="0" timestamp="2023-06-07T14:01:33 IST" skipped="0">
  <testcase classname="Test_Cases.Logout_Test" name="Logout_Validation" time="13.627"/>
  <system-out/>
</testsuite> <!-- Test_Cases.Logout_Test -->
