<?xml version="1.0" encoding="UTF-8"?>
<!-- Generated by org.testng.reporters.JUnitReportReporter -->
<testsuite hostname="DESKTOP-0Q2F0AL" failures="0" tests="2" name="Test_Cases.Login_Test" time="18.881" errors="0" timestamp="2023-06-07T14:01:33 IST" skipped="0">
  <testcase classname="Test_Cases.Login_Test" name="Login_Flow" time="12.615"/>
  <system-out/>
  <testcase classname="Test_Cases.Login_Test" name="Login_Validation" time="6.266"/>
  <system-out/>
</testsuite> <!-- Test_Cases.Login_Test -->
