<?xml version="1.0" encoding="UTF-8"?>
<!-- Generated by org.testng.reporters.JUnitReportReporter -->
<testsuite hostname="DESKTOP-0Q2F0AL" failures="0" tests="1" name="Extendreport.ExtendReporter" time="0.871" errors="0" timestamp="2023-05-28T23:20:59 IST" skipped="0">
  <testcase classname="Extendreport.ExtendReporter" name="test1" time="0.871"/>
  <system-out/>
</testsuite> <!-- Extendreport.ExtendReporter -->
